2018-11-08 13:40:26,809 [main] INFO  org.mule.module.launcher.application.DefaultMuleApplication - 
++++++++++++++++++++++++++++++++++++++++++++++++++++++++++++
+ Initializing app 'apdev-indian-ws'                       +
++++++++++++++++++++++++++++++++++++++++++++++++++++++++++++
2018-11-08 13:40:27,054 [main] INFO  org.mule.lifecycle.AbstractLifecycleManager - Initialising RegistryBroker
2018-11-08 13:40:27,203 [main] INFO  org.mule.module.extension.internal.manager.DefaultExtensionManager - Starting discovery of extensions
2018-11-08 13:40:27,345 [main] INFO  org.mule.module.extension.internal.manager.DefaultExtensionManager - Discovered 1 extensions
2018-11-08 13:40:27,345 [main] INFO  org.mule.module.extension.internal.manager.DefaultExtensionManager - Registering extension validation (version 3.9)
2018-11-08 13:40:27,616 [main] INFO  org.mule.config.spring.MuleArtifactContext - Refreshing org.mule.config.spring.MuleArtifactContext@548e76f1: startup date [Thu Nov 08 13:40:27 IST 2018]; root of context hierarchy
2018-11-08 13:40:28,994 [main] INFO  org.mule.config.spring.processors.NoDevkitInjectorProcessor - JSR-330 'javax.inject.Inject' annotation found and supported for autowiring
2018-11-08 13:40:29,392 [main] INFO  org.mule.module.launcher.application.DefaultMuleApplication - 
++++++++++++++++++++++++++++++++++++++++++++++++++++++++++++
+ Initializing app 'apdev-indian-ws'                       +
++++++++++++++++++++++++++++++++++++++++++++++++++++++++++++
2018-11-08 13:40:29,626 [main] INFO  org.mule.lifecycle.AbstractLifecycleManager - Initialising RegistryBroker
2018-11-08 13:40:29,779 [main] INFO  org.mule.module.extension.internal.manager.DefaultExtensionManager - Starting discovery of extensions
2018-11-08 13:40:30,007 [main] INFO  org.mule.module.extension.internal.manager.DefaultExtensionManager - Discovered 1 extensions
2018-11-08 13:40:30,007 [main] INFO  org.mule.module.extension.internal.manager.DefaultExtensionManager - Registering extension validation (version 3.9)
2018-11-08 13:40:30,287 [main] WARN  org.mule.module.ognl.expression.OgnlExpressionEvaluator - OGNL module is deprecated and will be removed in Mule 4.0. Use MEL expressions instead.
2018-11-08 13:40:30,362 [main] INFO  org.mule.config.spring.MuleArtifactContext - Refreshing org.mule.config.spring.MuleArtifactContext@3a4b0e5d: startup date [Thu Nov 08 13:40:30 IST 2018]; root of context hierarchy
2018-11-08 13:40:30,645 [main] INFO  org.mule.util.journal.TransactionJournal - Using files for tx logs C:\Users\saigandh\Documents\AnypointStudio\workspace\.mule\.\.mule\apdev-indian-ws\queue-tx-log\tx1.log and C:\Users\saigandh\Documents\AnypointStudio\workspace\.mule\.\.mule\apdev-indian-ws\queue-tx-log\tx2.log
2018-11-08 13:40:30,661 [main] INFO  org.mule.util.journal.TransactionJournal - Using files for tx logs C:\Users\saigandh\Documents\AnypointStudio\workspace\.mule\.\.mule\apdev-indian-ws\queue-xa-tx-log\tx1.log and C:\Users\saigandh\Documents\AnypointStudio\workspace\.mule\.\.mule\apdev-indian-ws\queue-xa-tx-log\tx2.log
2018-11-08 13:40:30,822 [main] INFO  org.mule.lifecycle.AbstractLifecycleManager - Initialising model: _muleSystemModel
2018-11-08 13:40:30,826 [main] INFO  org.mule.construct.FlowConstructLifecycleManager - Initialising flow: american-main
2018-11-08 13:40:30,827 [main] INFO  org.mule.module.apikit.MappingExceptionListener - Initialising exception listener: MappingExceptionListener{statusCode=404, exceptions=[org.mule.module.apikit.exception.NotFoundException]}
2018-11-08 13:40:30,832 [main] INFO  org.mule.module.apikit.MappingExceptionListener - Initialising exception listener: MappingExceptionListener{statusCode=405, exceptions=[org.mule.module.apikit.exception.MethodNotAllowedException]}
2018-11-08 13:40:30,832 [main] INFO  org.mule.module.apikit.MappingExceptionListener - Initialising exception listener: MappingExceptionListener{statusCode=415, exceptions=[org.mule.module.apikit.exception.UnsupportedMediaTypeException]}
2018-11-08 13:40:30,832 [main] INFO  org.mule.module.apikit.MappingExceptionListener - Initialising exception listener: MappingExceptionListener{statusCode=406, exceptions=[org.mule.module.apikit.exception.NotAcceptableException]}
2018-11-08 13:40:30,832 [main] INFO  org.mule.module.apikit.MappingExceptionListener - Initialising exception listener: MappingExceptionListener{statusCode=400, exceptions=[org.mule.module.apikit.exception.BadRequestException]}
2018-11-08 13:40:30,939 [main] INFO  org.mule.processor.SedaStageLifecycleManager - Initialising service: american-main.stage1
2018-11-08 13:40:31,029 [main] INFO  org.mule.construct.FlowConstructLifecycleManager - Initialising flow: american-console
2018-11-08 13:40:31,029 [main] INFO  org.mule.exception.DefaultMessagingExceptionStrategy - Initialising exception listener: org.mule.exception.DefaultMessagingExceptionStrategy@dd4aec3
2018-11-08 13:40:31,039 [main] INFO  org.mule.processor.SedaStageLifecycleManager - Initialising service: american-console.stage1
2018-11-08 13:40:31,045 [main] INFO  org.mule.construct.FlowConstructLifecycleManager - Initialising flow: put:/flights/{ID}:american-config
2018-11-08 13:40:31,045 [main] INFO  org.mule.exception.DefaultMessagingExceptionStrategy - Initialising exception listener: org.mule.exception.DefaultMessagingExceptionStrategy@5f5827d0
2018-11-08 13:40:31,052 [main] INFO  org.mule.processor.SedaStageLifecycleManager - Initialising service: put:/flights/{ID}:american-config.stage1
2018-11-08 13:40:31,053 [main] INFO  org.mule.construct.FlowConstructLifecycleManager - Initialising flow: delete:/flights/{ID}:american-config
2018-11-08 13:40:31,055 [main] INFO  org.mule.exception.DefaultMessagingExceptionStrategy - Initialising exception listener: org.mule.exception.DefaultMessagingExceptionStrategy@f2a1813
2018-11-08 13:40:31,062 [main] INFO  org.mule.processor.SedaStageLifecycleManager - Initialising service: delete:/flights/{ID}:american-config.stage1
2018-11-08 13:40:31,064 [main] INFO  org.mule.construct.FlowConstructLifecycleManager - Initialising flow: get:/flights:american-config
2018-11-08 13:40:31,067 [main] INFO  org.mule.exception.DefaultMessagingExceptionStrategy - Initialising exception listener: org.mule.exception.DefaultMessagingExceptionStrategy@6e31d989
2018-11-08 13:40:31,072 [main] INFO  org.mule.processor.SedaStageLifecycleManager - Initialising service: get:/flights:american-config.stage1
2018-11-08 13:40:31,073 [main] INFO  org.mule.construct.FlowConstructLifecycleManager - Initialising flow: get:/flights/{ID}:american-config
2018-11-08 13:40:31,073 [main] INFO  org.mule.exception.DefaultMessagingExceptionStrategy - Initialising exception listener: org.mule.exception.DefaultMessagingExceptionStrategy@4b432e53
2018-11-08 13:40:31,079 [main] INFO  org.mule.processor.SedaStageLifecycleManager - Initialising service: get:/flights/{ID}:american-config.stage1
2018-11-08 13:40:31,079 [main] INFO  org.mule.construct.FlowConstructLifecycleManager - Initialising flow: post:/flights:application/json:american-config
2018-11-08 13:40:31,079 [main] INFO  org.mule.exception.DefaultMessagingExceptionStrategy - Initialising exception listener: org.mule.exception.DefaultMessagingExceptionStrategy@40113163
2018-11-08 13:40:31,090 [main] INFO  org.mule.processor.SedaStageLifecycleManager - Initialising service: post:/flights:application/json:american-config.stage1
2018-11-08 13:40:32,205 [main] INFO  org.mule.module.apikit.Configuration - Building resource URI cache...
2018-11-08 13:40:32,345 [main] INFO  org.mule.config.spring.processors.NoDevkitInjectorProcessor - JSR-330 'javax.inject.Inject' annotation found and supported for autowiring
2018-11-08 13:40:32,448 [main] INFO  org.mule.config.spring.SpringXmlConfigurationBuilder - Configured Mule using "org.mule.config.spring.SpringXmlConfigurationBuilder" with configuration resource(s): "[ConfigResource{resourceName='C:\Users\saigandh\Documents\AnypointStudio\workspace\.mule\apps\apdev-indian-ws\api.xml'}]"
2018-11-08 13:40:32,448 [main] INFO  org.mule.config.builders.AutoConfigurationBuilder - Configured Mule using "org.mule.config.builders.AutoConfigurationBuilder" with configuration resource(s): "[ConfigResource{resourceName='C:\Users\saigandh\Documents\AnypointStudio\workspace\.mule\apps\apdev-indian-ws\api.xml'}]"
2018-11-08 13:40:32,448 [main] INFO  com.mulesoft.module.policies.lifecyle.GateKeeper - GateKeeper Mode: DISABLED
2018-11-08 13:40:32,448 [main] INFO  org.mule.module.launcher.application.DefaultMuleApplication - 
++++++++++++++++++++++++++++++++++++++++++++++++++++++++++++
+ Starting app 'apdev-indian-ws'                           +
++++++++++++++++++++++++++++++++++++++++++++++++++++++++++++
2018-11-08 13:40:32,448 [main] INFO  org.mule.util.queue.QueueXaResourceManager - Starting ResourceManager
2018-11-08 13:40:32,448 [main] INFO  org.mule.util.queue.QueueXaResourceManager - Started ResourceManager
2018-11-08 13:40:32,518 [main] INFO  org.mule.module.http.internal.listener.DefaultHttpListenerConfig - Listening for requests on http://0.0.0.0:8081
2018-11-08 13:40:32,523 [main] INFO  org.mule.modules.oauth2.provider.agents.DefaultSplashScreenAgent - 
++++++++++++++++++++++++++++++++++++++++++++++++++++++++++++++++++++++++++++++++
+ DevKit Extensions (0) used in this application 
                             +
++++++++++++++++++++++++++++++++++++++++++++++++++++++++++++++++++++++++++++++++
2018-11-08 13:40:32,524 [main] INFO  org.mule.lifecycle.AbstractLifecycleManager - Starting model: _muleSystemModel
2018-11-08 13:40:32,526 [main] INFO  org.mule.construct.FlowConstructLifecycleManager - Starting flow: american-main
2018-11-08 13:40:32,526 [main] INFO  org.mule.processor.SedaStageLifecycleManager - Starting service: american-main.stage1
2018-11-08 13:40:32,535 [main] INFO  org.mule.module.apikit.Configuration - 
********************************************************************************
* APIKit Console URL: http://127.0.0.1:8081/console                            *
********************************************************************************
2018-11-08 13:40:32,535 [main] INFO  org.mule.construct.FlowConstructLifecycleManager - Starting flow: american-console
2018-11-08 13:40:32,536 [main] INFO  org.mule.processor.SedaStageLifecycleManager - Starting service: american-console.stage1
2018-11-08 13:40:32,538 [main] INFO  org.mule.construct.FlowConstructLifecycleManager - Starting flow: put:/flights/{ID}:american-config
2018-11-08 13:40:32,538 [main] INFO  org.mule.processor.SedaStageLifecycleManager - Starting service: put:/flights/{ID}:american-config.stage1
2018-11-08 13:40:32,539 [main] INFO  org.mule.construct.FlowConstructLifecycleManager - Starting flow: delete:/flights/{ID}:american-config
2018-11-08 13:40:32,539 [main] INFO  org.mule.processor.SedaStageLifecycleManager - Starting service: delete:/flights/{ID}:american-config.stage1
2018-11-08 13:40:32,542 [main] INFO  org.mule.construct.FlowConstructLifecycleManager - Starting flow: get:/flights:american-config
2018-11-08 13:40:32,542 [main] INFO  org.mule.processor.SedaStageLifecycleManager - Starting service: get:/flights:american-config.stage1
2018-11-08 13:40:32,544 [main] INFO  org.mule.construct.FlowConstructLifecycleManager - Starting flow: get:/flights/{ID}:american-config
2018-11-08 13:40:32,544 [main] INFO  org.mule.processor.SedaStageLifecycleManager - Starting service: get:/flights/{ID}:american-config.stage1
2018-11-08 13:40:32,546 [main] INFO  org.mule.construct.FlowConstructLifecycleManager - Starting flow: post:/flights:application/json:american-config
2018-11-08 13:40:32,547 [main] INFO  org.mule.processor.SedaStageLifecycleManager - Starting service: post:/flights:application/json:american-config.stage1
2018-11-08 13:40:32,626 [main] INFO  org.mule.module.management.agent.WrapperManagerAgent - This JVM hasn't been launched by the wrapper, the agent will not run.
2018-11-08 13:40:32,664 [main] INFO  org.mule.DefaultMuleContext - 
**********************************************************************
* Application: apdev-indian-ws                                       *
* OS encoding: \, Mule encoding: UTF-8                               *
*                                                                    *
* Agents Running:                                                    *
*   Batch module default engine                                      *
*   DevKit Extension Information                                     *
*   JMX Agent                                                        *
*   Wrapper Manager                                                  *
**********************************************************************
2018-11-08 13:40:33,526 [main] WARN  org.mule.module.ognl.expression.OgnlExpressionEvaluator - OGNL module is deprecated and will be removed in Mule 4.0. Use MEL expressions instead.
2018-11-08 13:40:33,972 [main] INFO  org.mule.util.journal.TransactionJournal - Using files for tx logs C:\Users\saigandh\Documents\AnypointStudio\workspace\.mule\.\.mule\apdev-indian-ws\queue-tx-log\tx1.log and C:\Users\saigandh\Documents\AnypointStudio\workspace\.mule\.\.mule\apdev-indian-ws\queue-tx-log\tx2.log
2018-11-08 13:40:33,988 [main] INFO  org.mule.util.journal.TransactionJournal - Using files for tx logs C:\Users\saigandh\Documents\AnypointStudio\workspace\.mule\.\.mule\apdev-indian-ws\queue-xa-tx-log\tx1.log and C:\Users\saigandh\Documents\AnypointStudio\workspace\.mule\.\.mule\apdev-indian-ws\queue-xa-tx-log\tx2.log
2018-11-08 13:40:34,071 [main] INFO  org.mule.lifecycle.AbstractLifecycleManager - Initialising model: _muleSystemModel
2018-11-08 13:40:34,086 [main] INFO  org.mule.construct.FlowConstructLifecycleManager - Initialising flow: american-main
2018-11-08 13:40:34,086 [main] INFO  org.mule.module.apikit.MappingExceptionListener - Initialising exception listener: MappingExceptionListener{statusCode=404, exceptions=[org.mule.module.apikit.exception.NotFoundException]}
2018-11-08 13:40:34,086 [main] INFO  org.mule.module.apikit.MappingExceptionListener - Initialising exception listener: MappingExceptionListener{statusCode=405, exceptions=[org.mule.module.apikit.exception.MethodNotAllowedException]}
2018-11-08 13:40:34,086 [main] INFO  org.mule.module.apikit.MappingExceptionListener - Initialising exception listener: MappingExceptionListener{statusCode=415, exceptions=[org.mule.module.apikit.exception.UnsupportedMediaTypeException]}
2018-11-08 13:40:34,086 [main] INFO  org.mule.module.apikit.MappingExceptionListener - Initialising exception listener: MappingExceptionListener{statusCode=406, exceptions=[org.mule.module.apikit.exception.NotAcceptableException]}
2018-11-08 13:40:34,086 [main] INFO  org.mule.module.apikit.MappingExceptionListener - Initialising exception listener: MappingExceptionListener{statusCode=400, exceptions=[org.mule.module.apikit.exception.BadRequestException]}
2018-11-08 13:40:34,121 [main] INFO  org.mule.processor.SedaStageLifecycleManager - Initialising service: american-main.stage1
2018-11-08 13:40:34,130 [main] INFO  org.mule.construct.FlowConstructLifecycleManager - Initialising flow: american-console
2018-11-08 13:40:34,130 [main] INFO  org.mule.exception.DefaultMessagingExceptionStrategy - Initialising exception listener: org.mule.exception.DefaultMessagingExceptionStrategy@72a2312e
2018-11-08 13:40:34,130 [main] INFO  org.mule.processor.SedaStageLifecycleManager - Initialising service: american-console.stage1
2018-11-08 13:40:34,145 [main] INFO  org.mule.construct.FlowConstructLifecycleManager - Initialising flow: put:/flights/{ID}:american-config
2018-11-08 13:40:34,145 [main] INFO  org.mule.exception.DefaultMessagingExceptionStrategy - Initialising exception listener: org.mule.exception.DefaultMessagingExceptionStrategy@41fa769c
2018-11-08 13:40:34,145 [main] INFO  org.mule.processor.SedaStageLifecycleManager - Initialising service: put:/flights/{ID}:american-config.stage1
2018-11-08 13:40:34,145 [main] INFO  org.mule.construct.FlowConstructLifecycleManager - Initialising flow: delete:/flights/{ID}:american-config
2018-11-08 13:40:34,145 [main] INFO  org.mule.exception.DefaultMessagingExceptionStrategy - Initialising exception listener: org.mule.exception.DefaultMessagingExceptionStrategy@7df28f1
2018-11-08 13:40:34,145 [main] INFO  org.mule.processor.SedaStageLifecycleManager - Initialising service: delete:/flights/{ID}:american-config.stage1
2018-11-08 13:40:34,145 [main] INFO  org.mule.construct.FlowConstructLifecycleManager - Initialising flow: get:/flights:american-config
2018-11-08 13:40:34,145 [main] INFO  org.mule.exception.DefaultMessagingExceptionStrategy - Initialising exception listener: org.mule.exception.DefaultMessagingExceptionStrategy@76536c53
2018-11-08 13:40:34,161 [main] INFO  org.mule.processor.SedaStageLifecycleManager - Initialising service: get:/flights:american-config.stage1
2018-11-08 13:40:34,161 [main] INFO  org.mule.construct.FlowConstructLifecycleManager - Initialising flow: get:/flights/{ID}:american-config
2018-11-08 13:40:34,161 [main] INFO  org.mule.exception.DefaultMessagingExceptionStrategy - Initialising exception listener: org.mule.exception.DefaultMessagingExceptionStrategy@270d43a7
2018-11-08 13:40:34,164 [main] INFO  org.mule.processor.SedaStageLifecycleManager - Initialising service: get:/flights/{ID}:american-config.stage1
2018-11-08 13:40:34,164 [main] INFO  org.mule.construct.FlowConstructLifecycleManager - Initialising flow: post:/flights:application/json:american-config
2018-11-08 13:40:34,164 [main] INFO  org.mule.exception.DefaultMessagingExceptionStrategy - Initialising exception listener: org.mule.exception.DefaultMessagingExceptionStrategy@2ceca2ef
2018-11-08 13:40:34,164 [main] INFO  org.mule.processor.SedaStageLifecycleManager - Initialising service: post:/flights:application/json:american-config.stage1
2018-11-08 13:40:35,081 [main] INFO  org.mule.module.apikit.Configuration - Building resource URI cache...
2018-11-08 13:40:35,352 [main] INFO  org.mule.config.spring.SpringXmlConfigurationBuilder - Configured Mule using "org.mule.config.spring.SpringXmlConfigurationBuilder" with configuration resource(s): "[ConfigResource{resourceName='C:\Users\saigandh\Documents\AnypointStudio\workspace\.mule\apps\apdev-indian-ws\api.xml'}]"
2018-11-08 13:40:35,353 [main] INFO  org.mule.config.builders.AutoConfigurationBuilder - Configured Mule using "org.mule.config.builders.AutoConfigurationBuilder" with configuration resource(s): "[ConfigResource{resourceName='C:\Users\saigandh\Documents\AnypointStudio\workspace\.mule\apps\apdev-indian-ws\api.xml'}]"
2018-11-08 13:40:35,359 [main] INFO  com.mulesoft.module.policies.lifecyle.GateKeeper - GateKeeper Mode: DISABLED
2018-11-08 13:40:35,359 [main] INFO  org.mule.module.launcher.application.DefaultMuleApplication - 
++++++++++++++++++++++++++++++++++++++++++++++++++++++++++++
+ Starting app 'apdev-indian-ws'                           +
++++++++++++++++++++++++++++++++++++++++++++++++++++++++++++
2018-11-08 13:40:35,364 [main] INFO  org.mule.util.queue.QueueXaResourceManager - Starting ResourceManager
2018-11-08 13:40:35,365 [main] INFO  org.mule.util.queue.QueueXaResourceManager - Started ResourceManager
2018-11-08 13:40:35,413 [main] ERROR org.mule.module.launcher.application.DefaultMuleApplication - 
********************************************************************************
Message               : Failed to invoke lifecycle phase "start" on object: org.mule.module.http.internal.listener.DefaultHttpListenerConfig@d5bb1c4
Element               : /american-httpListenerConfig @ app:api.xml:6 (HTTP Listener Configuration)
--------------------------------------------------------------------------------
Root Exception stack trace:
java.net.BindException: Address already in use: bind
	at sun.nio.ch.Net.bind0(Native Method)
	at sun.nio.ch.Net.bind(Unknown Source)
	at sun.nio.ch.Net.bind(Unknown Source)
	at sun.nio.ch.ServerSocketChannelImpl.bind(Unknown Source)
	at sun.nio.ch.ServerSocketAdaptor.bind(Unknown Source)
	at org.glassfish.grizzly.nio.transport.TCPNIOBindingHandler.bindToChannelAndAddress(TCPNIOBindingHandler.java:131)
	at org.glassfish.grizzly.nio.transport.TCPNIOBindingHandler.bind(TCPNIOBindingHandler.java:88)
	at org.glassfish.grizzly.nio.transport.TCPNIOTransport.bind(TCPNIOTransport.java:239)
	at org.glassfish.grizzly.nio.transport.TCPNIOTransport.bind(TCPNIOTransport.java:219)
	at org.glassfish.grizzly.nio.transport.TCPNIOTransport.bind(TCPNIOTransport.java:210)
	at org.mule.module.http.internal.listener.grizzly.GrizzlyServer.start(GrizzlyServer.java:41)
	at org.mule.module.http.internal.listener.DefaultHttpListenerConfig.start(DefaultHttpListenerConfig.java:274)
	at sun.reflect.NativeMethodAccessorImpl.invoke0(Native Method)
	at sun.reflect.NativeMethodAccessorImpl.invoke(Unknown Source)
	at sun.reflect.DelegatingMethodAccessorImpl.invoke(Unknown Source)
	at java.lang.reflect.Method.invoke(Unknown Source)
	at org.mule.lifecycle.phases.DefaultLifecyclePhase.applyLifecycle(DefaultLifecyclePhase.java:230)
	at org.mule.lifecycle.RegistryLifecycleCallback.doApplyLifecycle(RegistryLifecycleCallback.java:108)
	at org.mule.lifecycle.RegistryLifecycleCallback.onTransition(RegistryLifecycleCallback.java:78)
	at org.mule.lifecycle.AbstractLifecycleManager.invokePhase(AbstractLifecycleManager.java:146)
	at org.mule.lifecycle.RegistryLifecycleManager.fireLifecycle(RegistryLifecycleManager.java:134)
	at org.mule.registry.AbstractRegistryBroker.fireLifecycle(AbstractRegistryBroker.java:88)
	at org.mule.registry.MuleRegistryHelper.fireLifecycle(MuleRegistryHelper.java:141)
	at org.mule.lifecycle.MuleContextLifecycleManager$MuleContextLifecycleCallback.onTransition(MuleContextLifecycleManager.java:74)
	at org.mule.lifecycle.MuleContextLifecycleManager$MuleContextLifecycleCallback.onTransition(MuleContextLifecycleManager.java:70)
	at org.mule.lifecycle.AbstractLifecycleManager.invokePhase(AbstractLifecycleManager.java:146)
	at org.mule.lifecycle.MuleContextLifecycleManager.fireLifecycle(MuleContextLifecycleManager.java:62)
	at org.mule.DefaultMuleContext.start(DefaultMuleContext.java:326)
	at org.mule.module.launcher.application.DefaultMuleApplication.start(DefaultMuleApplication.java:146)
	at org.mule.module.launcher.artifact.ArtifactWrapper$4.execute(ArtifactWrapper.java:106)
	at org.mule.module.launcher.artifact.ArtifactWrapper.executeWithinArtifactClassLoader(ArtifactWrapper.java:137)
	at org.mule.module.launcher.artifact.ArtifactWrapper.start(ArtifactWrapper.java:101)
	at org.mule.module.launcher.DefaultArtifactDeployer.deploy(DefaultArtifactDeployer.java:73)
	at org.mule.module.launcher.DefaultArchiveDeployer.deployArtifact(DefaultArchiveDeployer.java:547)
	at org.mule.module.launcher.DefaultArchiveDeployer.deployArtifact(DefaultArchiveDeployer.java:325)
	at org.mule.module.launcher.DefaultArchiveDeployer.deployExplodedApp(DefaultArchiveDeployer.java:317)
	at org.mule.module.launcher.DefaultArchiveDeployer.deployExplodedArtifact(DefaultArchiveDeployer.java:100)
	at org.mule.module.launcher.DeploymentDirectoryWatcher.deployExplodedApps(DeploymentDirectoryWatcher.java:298)
	at org.mule.module.launcher.DeploymentDirectoryWatcher.start(DeploymentDirectoryWatcher.java:156)
	at org.mule.module.launcher.MuleDeploymentService.start(MuleDeploymentService.java:135)
	at org.mule.module.launcher.MuleContainer.start(MuleContainer.java:172)
	at org.mule.tooling.server.application.ApplicationDeployer.main(ApplicationDeployer.java:15)

********************************************************************************

2018-11-08 13:40:35,420 [main] INFO  org.mule.module.launcher.application.DefaultMuleApplication - 
++++++++++++++++++++++++++++++++++++++++++++++++++++++++++++
+ Disposing app 'apdev-indian-ws'                          +
++++++++++++++++++++++++++++++++++++++++++++++++++++++++++++
2018-11-08 13:40:35,422 [main] INFO  org.mule.construct.FlowConstructLifecycleManager - Stopping flow: american-main
2018-11-08 13:40:35,422 [main] INFO  org.mule.processor.SedaStageLifecycleManager - Stopping service: american-main.stage1
2018-11-08 13:40:35,422 [main] INFO  org.mule.construct.FlowConstructLifecycleManager - Stopping flow: american-console
2018-11-08 13:40:35,423 [main] INFO  org.mule.processor.SedaStageLifecycleManager - Stopping service: american-console.stage1
2018-11-08 13:40:35,423 [main] INFO  org.mule.construct.FlowConstructLifecycleManager - Stopping flow: put:/flights/{ID}:american-config
2018-11-08 13:40:35,423 [main] INFO  org.mule.processor.SedaStageLifecycleManager - Stopping service: put:/flights/{ID}:american-config.stage1
2018-11-08 13:40:35,424 [main] INFO  org.mule.construct.FlowConstructLifecycleManager - Stopping flow: delete:/flights/{ID}:american-config
2018-11-08 13:40:35,424 [main] INFO  org.mule.processor.SedaStageLifecycleManager - Stopping service: delete:/flights/{ID}:american-config.stage1
2018-11-08 13:40:35,424 [main] INFO  org.mule.construct.FlowConstructLifecycleManager - Stopping flow: get:/flights:american-config
2018-11-08 13:40:35,424 [main] INFO  org.mule.processor.SedaStageLifecycleManager - Stopping service: get:/flights:american-config.stage1
2018-11-08 13:40:35,425 [main] INFO  org.mule.construct.FlowConstructLifecycleManager - Stopping flow: get:/flights/{ID}:american-config
2018-11-08 13:40:35,425 [main] INFO  org.mule.processor.SedaStageLifecycleManager - Stopping service: get:/flights/{ID}:american-config.stage1
2018-11-08 13:40:35,425 [main] INFO  org.mule.construct.FlowConstructLifecycleManager - Stopping flow: post:/flights:application/json:american-config
2018-11-08 13:40:35,425 [main] INFO  org.mule.processor.SedaStageLifecycleManager - Stopping service: post:/flights:application/json:american-config.stage1
2018-11-08 13:40:35,427 [main] INFO  org.mule.lifecycle.AbstractLifecycleManager - Stopping model: _muleSystemModel
2018-11-08 13:40:35,430 [main] INFO  org.mule.util.queue.QueueXaResourceManager - Stopping ResourceManager
2018-11-08 13:40:35,430 [main] INFO  org.mule.util.queue.QueueXaResourceManager - Stopped ResourceManager
2018-11-08 13:40:35,430 [main] ERROR org.mule.DefaultMuleContext - Failed to stop Mule context
org.mule.api.lifecycle.LifecycleException: Failed to invoke lifecycle phase "stop" on object: com.mulesoft.mule.throttling.ThrottlingPhase@3872867d
	at org.mule.lifecycle.phases.DefaultLifecyclePhase.applyLifecycle(DefaultLifecyclePhase.java:243) ~[mule-core-3.9.1.jar:3.9.1]
	at org.mule.lifecycle.RegistryLifecycleCallback.doApplyLifecycle(RegistryLifecycleCallback.java:108) ~[mule-core-3.9.1.jar:3.9.1]
	at org.mule.lifecycle.RegistryLifecycleCallback.onTransition(RegistryLifecycleCallback.java:78) ~[mule-core-3.9.1.jar:3.9.1]
	at org.mule.lifecycle.AbstractLifecycleManager.invokePhase(AbstractLifecycleManager.java:146) ~[mule-core-3.9.1.jar:3.9.1]
	at org.mule.lifecycle.RegistryLifecycleManager.fireLifecycle(RegistryLifecycleManager.java:134) ~[mule-core-3.9.1.jar:3.9.1]
	at org.mule.registry.AbstractRegistryBroker.fireLifecycle(AbstractRegistryBroker.java:88) ~[mule-core-3.9.1.jar:3.9.1]
	at org.mule.registry.MuleRegistryHelper.fireLifecycle(MuleRegistryHelper.java:141) ~[mule-core-3.9.1.jar:3.9.1]
	at org.mule.lifecycle.MuleContextLifecycleManager$MuleContextLifecycleCallback.onTransition(MuleContextLifecycleManager.java:74) ~[mule-core-3.9.1.jar:3.9.1]
	at org.mule.lifecycle.MuleContextLifecycleManager$MuleContextLifecycleCallback.onTransition(MuleContextLifecycleManager.java:70) ~[mule-core-3.9.1.jar:3.9.1]
	at org.mule.lifecycle.AbstractLifecycleManager.invokePhase(AbstractLifecycleManager.java:146) ~[mule-core-3.9.1.jar:3.9.1]
	at org.mule.lifecycle.MuleContextLifecycleManager.fireLifecycle(MuleContextLifecycleManager.java:62) ~[mule-core-3.9.1.jar:3.9.1]
	at org.mule.DefaultMuleContext.stop(DefaultMuleContext.java:422) ~[mule-core-3.9.1.jar:3.9.1]
	at org.mule.DefaultMuleContext.dispose(DefaultMuleContext.java:438) ~[mule-core-3.9.1.jar:3.9.1]
	at org.mule.module.launcher.application.DefaultMuleApplication.doDispose(DefaultMuleApplication.java:439) ~[mule-module-launcher-3.9.1.jar:3.9.1]
	at org.mule.module.launcher.application.DefaultMuleApplication.dispose(DefaultMuleApplication.java:324) ~[mule-module-launcher-3.9.1.jar:3.9.1]
	at org.mule.module.launcher.artifact.ArtifactWrapper$1.execute(ArtifactWrapper.java:41) ~[mule-module-launcher-3.9.1.jar:3.9.1]
	at org.mule.module.launcher.artifact.ArtifactWrapper.executeWithinArtifactClassLoader(ArtifactWrapper.java:137) ~[mule-module-launcher-3.9.1.jar:3.9.1]
	at org.mule.module.launcher.artifact.ArtifactWrapper.dispose(ArtifactWrapper.java:36) ~[mule-module-launcher-3.9.1.jar:3.9.1]
	at org.mule.module.launcher.DefaultArtifactDeployer.deploy(DefaultArtifactDeployer.java:77) ~[mule-module-launcher-3.9.1.jar:3.9.1]
	at org.mule.module.launcher.DefaultArchiveDeployer.deployArtifact(DefaultArchiveDeployer.java:547) ~[mule-module-launcher-3.9.1.jar:3.9.1]
	at org.mule.module.launcher.DefaultArchiveDeployer.deployArtifact(DefaultArchiveDeployer.java:325) ~[mule-module-launcher-3.9.1.jar:3.9.1]
	at org.mule.module.launcher.DefaultArchiveDeployer.deployExplodedApp(DefaultArchiveDeployer.java:317) ~[mule-module-launcher-3.9.1.jar:3.9.1]
	at org.mule.module.launcher.DefaultArchiveDeployer.deployExplodedArtifact(DefaultArchiveDeployer.java:100) ~[mule-module-launcher-3.9.1.jar:3.9.1]
	at org.mule.module.launcher.DeploymentDirectoryWatcher.deployExplodedApps(DeploymentDirectoryWatcher.java:298) ~[mule-module-launcher-3.9.1.jar:3.9.1]
	at org.mule.module.launcher.DeploymentDirectoryWatcher.start(DeploymentDirectoryWatcher.java:156) ~[mule-module-launcher-3.9.1.jar:3.9.1]
	at org.mule.module.launcher.MuleDeploymentService.start(MuleDeploymentService.java:135) ~[mule-module-launcher-3.9.1.jar:3.9.1]
	at org.mule.module.launcher.MuleContainer.start(MuleContainer.java:172) ~[mule-module-launcher-3.9.1.jar:3.9.1]
	at org.mule.tooling.server.application.ApplicationDeployer.main(ApplicationDeployer.java:15) ~[tooling-support-3.9.1.jar:?]
Caused by: java.lang.NullPointerException
	at com.mulesoft.mule.throttling.ThrottlingPhase.stop(ThrottlingPhase.java:370) ~[mule-module-throttling-ee-3.9.1.jar:3.9.1]
	at sun.reflect.GeneratedMethodAccessor13.invoke(Unknown Source) ~[?:?]
	at sun.reflect.DelegatingMethodAccessorImpl.invoke(Unknown Source) ~[?:1.8.0_121]
	at java.lang.reflect.Method.invoke(Unknown Source) ~[?:1.8.0_121]
	at org.mule.lifecycle.phases.DefaultLifecyclePhase.applyLifecycle(DefaultLifecyclePhase.java:230) ~[mule-core-3.9.1.jar:3.9.1]
	... 27 more
2018-11-08 13:40:35,430 [main] INFO  org.mule.lifecycle.AbstractLifecycleManager - Disposing RegistryBroker
2018-11-08 13:40:35,446 [main] INFO  org.mule.construct.FlowConstructLifecycleManager - Disposing flow: american-main
2018-11-08 13:40:35,446 [main] INFO  org.mule.processor.SedaStageLifecycleManager - Disposing service: american-main.stage1
2018-11-08 13:40:35,446 [main] INFO  org.mule.construct.FlowConstructLifecycleManager - Disposing flow: american-console
2018-11-08 13:40:35,446 [main] INFO  org.mule.processor.SedaStageLifecycleManager - Disposing service: american-console.stage1
2018-11-08 13:40:35,446 [main] INFO  org.mule.construct.FlowConstructLifecycleManager - Disposing flow: put:/flights/{ID}:american-config
2018-11-08 13:40:35,446 [main] INFO  org.mule.processor.SedaStageLifecycleManager - Disposing service: put:/flights/{ID}:american-config.stage1
2018-11-08 13:40:35,446 [main] INFO  org.mule.construct.FlowConstructLifecycleManager - Disposing flow: delete:/flights/{ID}:american-config
2018-11-08 13:40:35,446 [main] INFO  org.mule.processor.SedaStageLifecycleManager - Disposing service: delete:/flights/{ID}:american-config.stage1
2018-11-08 13:40:35,446 [main] INFO  org.mule.construct.FlowConstructLifecycleManager - Disposing flow: get:/flights:american-config
2018-11-08 13:40:35,446 [main] INFO  org.mule.processor.SedaStageLifecycleManager - Disposing service: get:/flights:american-config.stage1
2018-11-08 13:40:35,446 [main] INFO  org.mule.construct.FlowConstructLifecycleManager - Disposing flow: get:/flights/{ID}:american-config
2018-11-08 13:40:35,446 [main] INFO  org.mule.processor.SedaStageLifecycleManager - Disposing service: get:/flights/{ID}:american-config.stage1
2018-11-08 13:40:35,446 [main] INFO  org.mule.construct.FlowConstructLifecycleManager - Disposing flow: post:/flights:application/json:american-config
2018-11-08 13:40:35,446 [main] INFO  org.mule.processor.SedaStageLifecycleManager - Disposing service: post:/flights:application/json:american-config.stage1
2018-11-08 13:40:35,446 [main] INFO  org.mule.lifecycle.AbstractLifecycleManager - Disposing model: _muleSystemModel
2018-11-08 13:40:35,600 [main] INFO  org.mule.config.spring.MuleArtifactContext - Closing org.mule.config.spring.MuleArtifactContext@3a4b0e5d: startup date [Thu Nov 08 13:40:30 IST 2018]; root of context hierarchy
2018-11-08 13:40:35,635 [main] INFO  org.mule.DefaultMuleContext - 
**********************************************************************
* Application "apdev-indian-ws" shut down normally on: 8/11/18 1:40  *
* PM                                                                 *
* Up for: 0 days, 0 hours, 0 mins, 0.269 sec                         *
**********************************************************************
